[0m[[0m[0mdebug[0m] [0m[0m> Exec(runMain Loader localhost Sat postgres 31766 climate_temperature nf2_sparsev, Some(48ebe059-d96f-4c84-b162-c9225f47f234), Some(CommandSource(console0)))[0m
[0m[[0m[0mdebug[0m] [0m[0mEvaluating tasks: Compile / runMain[0m
[0m[[0m[0mdebug[0m] [0m[0mRunning task... Cancel: Signal, check cycles: false, forcegc: true[0m
[0m[[0m[0minfo[0m] [0m[0mcompiling 31 Scala sources to D:\PISTIS\Eris-main\target\scala-2.13\classes ...[0m
[0m[[0m[33mwarn[0m] [0m[0mD:\PISTIS\Eris-main\EncodePartitioning.scala:396:11: method without a parameter list overrides a method with a single empty one[0m
[0m[[0m[33mwarn[0m] [0m[0m      def next = current match {[0m
[0m[[0m[33mwarn[0m] [0m[0m          ^[0m
[0m[[0m[33mwarn[0m] [0m[0mD:\PISTIS\Eris-main\RAParser.scala:76:34: match may not be exhaustive.[0m
[0m[[0m[33mwarn[0m] [0m[0mIt would fail on the following input: ~(~(_, (x: String forSome x not in "+")), _)[0m
[0m[[0m[33mwarn[0m] [0m[0m    summation ~ "+" ~ product ^^ {[0m
[0m[[0m[33mwarn[0m] [0m[0m                                 ^[0m
[0m[[0m[33mwarn[0m] [0m[0mD:\PISTIS\Eris-main\RAParser.scala:78:38: match may not be exhaustive.[0m
[0m[[0m[33mwarn[0m] [0m[0mIt would fail on the following input: ~(~(_, (x: String forSome x not in "-")), _)[0m
[0m[[0m[33mwarn[0m] [0m[0m    } | summation ~ "-" ~ product ^^ {[0m
[0m[[0m[33mwarn[0m] [0m[0m                                     ^[0m
[0m[[0m[33mwarn[0m] [0m[0mD:\PISTIS\Eris-main\RAParser.scala:83:31: match may not be exhaustive.[0m
[0m[[0m[33mwarn[0m] [0m[0mIt would fail on the following input: ~(~(_, (x: String forSome x not in "*")), _)[0m
[0m[[0m[33mwarn[0m] [0m[0m    product ~ "*" ~ atomic ^^ {[0m
[0m[[0m[33mwarn[0m] [0m[0m                              ^[0m
[0m[[0m[33mwarn[0m] [0m[0mD:\PISTIS\Eris-main\RAParser.scala:85:35: match may not be exhaustive.[0m
[0m[[0m[33mwarn[0m] [0m[0mIt would fail on the following input: ~(~(_, (x: String forSome x not in "/")), _)[0m
[0m[[0m[33mwarn[0m] [0m[0m    } | product ~ "/" ~ atomic ^^ {[0m
[0m[[0m[33mwarn[0m] [0m[0m                                  ^[0m
[0m[[0m[33mwarn[0m] [0m[0mD:\PISTIS\Eris-main\RAParser.scala:118:40: match may not be exhaustive.[0m
[0m[[0m[33mwarn[0m] [0m[0mIt would fail on the following input: ~(~(_, (x: String forSome x not in "=")), _)[0m
[0m[[0m[33mwarn[0m] [0m[0m      } | expression~"="~expression ^^ {[0m
[0m[[0m[33mwarn[0m] [0m[0m                                       ^[0m
[0m[[0m[33mwarn[0m] [0m[0mD:\PISTIS\Eris-main\RAParser.scala:120:41: match may not be exhaustive.[0m
[0m[[0m[33mwarn[0m] [0m[0mIt would fail on the following input: ~(~(_, (x: String forSome x not in "<>")), _)[0m
[0m[[0m[33mwarn[0m] [0m[0m      } | expression~"<>"~expression ^^ {[0m
[0m[[0m[33mwarn[0m] [0m[0m                                        ^[0m
[0m[[0m[33mwarn[0m] [0m[0mD:\PISTIS\Eris-main\RAParser.scala:122:40: match may not be exhaustive.[0m
[0m[[0m[33mwarn[0m] [0m[0mIt would fail on the following input: ~(~(_, (x: String forSome x not in "<")), _)[0m
[0m[[0m[33mwarn[0m] [0m[0m      } | expression~"<"~expression ^^ {[0m
[0m[[0m[33mwarn[0m] [0m[0m                                       ^[0m
[0m[[0m[33mwarn[0m] [0m[0mD:\PISTIS\Eris-main\RAParser.scala:124:41: match may not be exhaustive.[0m
[0m[[0m[33mwarn[0m] [0m[0mIt would fail on the following input: ~(~(_, (x: String forSome x not in "<=")), _)[0m
[0m[[0m[33mwarn[0m] [0m[0m      } | expression~"<="~expression ^^ {[0m
[0m[[0m[33mwarn[0m] [0m[0m                                        ^[0m
[0m[[0m[33mwarn[0m] [0m[0mD:\PISTIS\Eris-main\RAParser.scala:126:40: match may not be exhaustive.[0m
[0m[[0m[33mwarn[0m] [0m[0mIt would fail on the following input: ~(~(_, (x: String forSome x not in ">")), _)[0m
[0m[[0m[33mwarn[0m] [0m[0m      } | expression~">"~expression ^^ {[0m
[0m[[0m[33mwarn[0m] [0m[0m                                       ^[0m
[0m[[0m[33mwarn[0m] [0m[0mD:\PISTIS\Eris-main\RAParser.scala:128:41: match may not be exhaustive.[0m
[0m[[0m[33mwarn[0m] [0m[0mIt would fail on the following input: ~(~(_, (x: String forSome x not in ">=")), _)[0m
[0m[[0m[33mwarn[0m] [0m[0m      } | expression~">="~expression ^^ {[0m
[0m[[0m[33mwarn[0m] [0m[0m                                        ^[0m
[0m[[0m[33mwarn[0m] [0m[0mD:\PISTIS\Eris-main\RAParser.scala:137:43: match may not be exhaustive.[0m
[0m[[0m[33mwarn[0m] [0m[0mIt would fail on the following input: ~(~(_, (x: String forSome x not in "-")), _)[0m
[0m[[0m[33mwarn[0m] [0m[0m    differenceQuery ~ "-" ~ unionQuery ^^ {[0m
[0m[[0m[33mwarn[0m] [0m[0m                                          ^[0m
[0m[[0m[33mwarn[0m] [0m[0mD:\PISTIS\Eris-main\RAParser.scala:195:34: match may not be exhaustive.[0m
[0m[[0m[33mwarn[0m] [0m[0mIt would fail on the following input: ~(~(_, (x: String forSome x not in ":=")), _)[0m
[0m[[0m[33mwarn[0m] [0m[0m    identifier ~ ":=" ~ query ^^ {[0m
[0m[[0m[33mwarn[0m] [0m[0m                                 ^[0m
[0m[[0m[33mwarn[0m] [0m[0mD:\PISTIS\Eris-main\combineQuery.scala:65:60: unreachable code[0m
[0m[[0m[33mwarn[0m] [0m[0m      case Derivation(q, List((f, Times(Var(a), Num(c))))) =>[0m
[0m[[0m[33mwarn[0m] [0m[0m                                                           ^[0m
[0m[[0m[33mwarn[0m] [0m[0m6 deprecations[0m
[0m[[0m[33mwarn[0m] [0m[0m4 deprecations (since 16.0.0-R23)[0m
[0m[[0m[33mwarn[0m] [0m[0m11 deprecations (since 2.13.0)[0m
[0m[[0m[33mwarn[0m] [0m[0m15 deprecations (since 2.13.3)[0m
[0m[[0m[33mwarn[0m] [0m[0m36 deprecations in total; re-run with -deprecation for details[0m
[0m[[0m[33mwarn[0m] [0m[0m19 warnings found[0m
[0m[[0m[31merror[0m] [0m[0mjava.lang.ArrayIndexOutOfBoundsException: Index 6 out of bounds for length 6[0m
[0m[[0m[31merror[0m] [0m[0m	at Loader$.main(Loader.scala:52)[0m
[0m[[0m[31merror[0m] [0m[0m	at Loader.main(Loader.scala)[0m
[0m[[0m[31merror[0m] [0m[0m	at java.base/jdk.internal.reflect.NativeMethodAccessorImpl.invoke0(Native Method)[0m
[0m[[0m[31merror[0m] [0m[0m	at java.base/jdk.internal.reflect.NativeMethodAccessorImpl.invoke(NativeMethodAccessorImpl.java:62)[0m
[0m[[0m[31merror[0m] [0m[0m	at java.base/jdk.internal.reflect.DelegatingMethodAccessorImpl.invoke(DelegatingMethodAccessorImpl.java:43)[0m
[0m[[0m[31merror[0m] [0m[0m	at java.base/java.lang.reflect.Method.invoke(Method.java:566)[0m
[0m[[0m[31merror[0m] [0m[0m	at sbt.Run.invokeMain(Run.scala:143)[0m
[0m[[0m[31merror[0m] [0m[0m	at sbt.Run.execute$1(Run.scala:93)[0m
[0m[[0m[31merror[0m] [0m[0m	at sbt.Run.$anonfun$runWithLoader$5(Run.scala:120)[0m
[0m[[0m[31merror[0m] [0m[0m	at sbt.Run$.executeSuccess(Run.scala:186)[0m
[0m[[0m[31merror[0m] [0m[0m	at sbt.Run.runWithLoader(Run.scala:120)[0m
[0m[[0m[31merror[0m] [0m[0m	at sbt.Defaults$.$anonfun$bgRunMainTask$7(Defaults.scala:1948)[0m
[0m[[0m[31merror[0m] [0m[0m	at sbt.Defaults$.$anonfun$termWrapper$2(Defaults.scala:1919)[0m
[0m[[0m[31merror[0m] [0m[0m	at scala.runtime.java8.JFunction0$mcV$sp.apply(JFunction0$mcV$sp.java:23)[0m
[0m[[0m[31merror[0m] [0m[0m	at scala.util.Try$.apply(Try.scala:213)[0m
[0m[[0m[31merror[0m] [0m[0m	at sbt.internal.BackgroundThreadPool$BackgroundRunnable.run(DefaultBackgroundJobService.scala:366)[0m
[0m[[0m[31merror[0m] [0m[0m	at java.base/java.util.concurrent.ThreadPoolExecutor.runWorker(ThreadPoolExecutor.java:1128)[0m
[0m[[0m[31merror[0m] [0m[0m	at java.base/java.util.concurrent.ThreadPoolExecutor$Worker.run(ThreadPoolExecutor.java:628)[0m
[0m[[0m[31merror[0m] [0m[0m	at java.base/java.lang.Thread.run(Thread.java:834)[0m
[0m[[0m[31merror[0m] [0m[0m(Compile / [31mrunMain[0m) java.lang.ArrayIndexOutOfBoundsException: Index 6 out of bounds for length 6[0m
[0m[[0m[31merror[0m] [0m[0mTotal time: 18 s, completed Jul 13, 2023, 6:14:56 AM[0m
[0m[[0m[0mdebug[0m] [0m[0m> Exec(shell, None, None)[0m
